<?xml version="1.0" encoding="UTF-8"?>
<!-- Generated by org.testng.reporters.JUnitXMLReporter -->
<testsuite ignored="0" hostname="LAPTOP-DD7O2KCP" failures="0" tests="21" name="Default test" time="42.608" errors="0" timestamp="11 Mar 2020 20:31:57 GMT">
  <testcase classname="com.qa.TestCase.MapTest" name="ClickOnJSLink" time="3.15"/>
  <testcase classname="com.qa.TestCase.MapTest" name="VerifyMapJSTitile" time="0.06"/>
  <testcase classname="com.qa.TestCase.MapTest" name="VerifyMapJSHeaderText" time="0.184"/>
  <testcase classname="com.qa.TestCase.MapTest" name="ClickOnAndroidLite" time="7.47"/>
  <testcase classname="com.qa.TestCase.MapTest" name="VerifyMapSDK4AndroidLiteTitle" time="0.01"/>
  <testcase classname="com.qa.TestCase.MapTest" name="VerifyMapSDK4AndroidHeaderText" time="0.041"/>
  <testcase classname="com.qa.TestCase.MapTest" name="ClickOnMapSDK4AndroidPremium" time="5.691"/>
  <testcase classname="com.qa.TestCase.MapTest" name="VerifyMapSDK4AndroidPremiumTitle" time="0.005"/>
  <testcase classname="com.qa.TestCase.MapTest" name="VerifyMapSDK4AndroidPremiumHeaderText" time="0.037"/>
  <testcase classname="com.qa.TestCase.MapTest" name="ClickOnMapSDK4AndroidStarter" time="5.401"/>
  <testcase classname="com.qa.TestCase.MapTest" name="VerifyMapSDK4AndroidStarterTitle" time="0.005"/>
  <testcase classname="com.qa.TestCase.MapTest" name="VerifyMapSDK4AndroidStarterHeaderText" time="0.037"/>
  <testcase classname="com.qa.TestCase.MapTest" name="ClickOnMapSDK4iOSLite" time="5.33"/>
  <testcase classname="com.qa.TestCase.MapTest" name="VerifyMapSDK4iOSLiteTitle" time="1.093"/>
  <testcase classname="com.qa.TestCase.MapTest" name="VerifyMapSDK4iOSLiteHeaderText" time="0.036"/>
  <testcase classname="com.qa.TestCase.MapTest" name="ClickOnMapSDK4iOSPremium" time="5.368"/>
  <testcase classname="com.qa.TestCase.MapTest" name="VerifyMapSDK4iOSPremiumTitle" time="1.024"/>
  <testcase classname="com.qa.TestCase.MapTest" name="VerifyMapSDK4iOSPremiumHeaderText" time="0.047"/>
  <testcase classname="com.qa.TestCase.MapTest" name="ClickOnMapSDK4iOSStarter" time="5.772"/>
  <testcase classname="com.qa.TestCase.MapTest" name="VerifyMapSDK4iOSStarterTitle" time="1.064"/>
  <testcase classname="com.qa.TestCase.MapTest" name="VerifyMapSDK4iOSStarterHeaderText" time="0.037"/>
</testsuite> <!-- Default test -->
